[debug] [2018-10-09T07:43:06.552Z] ----------------------------------------------------------------------
[debug] [2018-10-09T07:43:06.554Z] Command:       /usr/bin/node /home/skndungu/.npm-global/bin/firebase init
[debug] [2018-10-09T07:43:06.555Z] CLI Version:   5.0.1
[debug] [2018-10-09T07:43:06.555Z] Platform:      linux
[debug] [2018-10-09T07:43:06.555Z] Node Version:  v8.11.4
[debug] [2018-10-09T07:43:06.555Z] Time:          Tue Oct 09 2018 10:43:06 GMT+0300 (EAT)
[debug] [2018-10-09T07:43:06.555Z] ----------------------------------------------------------------------
[debug] 
[debug] [2018-10-09T07:43:06.561Z] > command requires scopes: ["email","openid","https://www.googleapis.com/auth/cloudplatformprojects.readonly","https://www.googleapis.com/auth/firebase","https://www.googleapis.com/auth/cloud-platform"]
[debug] [2018-10-09T07:43:06.561Z] > authorizing via signed-in user
[info] 
     ######## #### ########  ######## ########     ###     ######  ########
     ##        ##  ##     ## ##       ##     ##  ##   ##  ##       ##
     ######    ##  ########  ######   ########  #########  ######  ######
     ##        ##  ##    ##  ##       ##     ## ##     ##       ## ##
     ##       #### ##     ## ######## ########  ##     ##  ######  ########

You're about to initialize a Firebase project in this directory:

  /media/skndungu/New Volume1/public

Before we get started, keep in mind:

  * You are currently outside your home directory

[info] 
=== Project Setup
[info] 
[info] First, let's associate this project directory with a Firebase project.
[info] You can create multiple project aliases by running firebase use --add, 
[info] but for now we'll just set up a default project.
[info] 
[debug] [2018-10-09T07:43:18.478Z] > refreshing access token with scopes: ["email","https://www.googleapis.com/auth/cloud-platform","https://www.googleapis.com/auth/cloudplatformprojects.readonly","https://www.googleapis.com/auth/firebase","openid"]
[debug] [2018-10-09T07:43:18.479Z] >>> HTTP REQUEST POST https://www.googleapis.com/oauth2/v3/token  
 <request body omitted>
[debug] [2018-10-09T07:43:22.197Z] <<< HTTP RESPONSE 200
[debug] [2018-10-09T07:43:22.237Z] >>> HTTP REQUEST GET https://admin.firebase.com/v1/projects  
 
[debug] [2018-10-09T07:43:26.863Z] <<< HTTP RESPONSE 200
[info] 
=== Hosting Setup
[info] 
[info] Your public directory is the folder (relative to your project directory) that
[info] will contain Hosting assets to be uploaded with firebase deploy. If you
[info] have a build process for your assets, use your build's output directory.
[info] 
[info] ✔  Wrote public/404.html
[debug] [2018-10-09T07:44:46.806Z] >>> HTTP REQUEST GET https://www.gstatic.com/firebasejs/releases.json  
 
[debug] [2018-10-09T07:44:48.164Z] <<< HTTP RESPONSE 200
[info] i  Skipping write of public/index.html
[info] 
[info] i  Writing configuration info to firebase.json...
[info] i  Writing project information to .firebaserc...
[info] 
[info] ✔  Firebase initialization complete!
